2023-07-03 16:31:32,944 [Worker-5: Loading available Gradle versions] INFO  o.e.b.c.i.u.g.PublishedGradleVersions - Gradle version information cache is up-to-date. Trying to read.
2023-07-03 16:33:46,188 [Worker-15: Update Maven projects configuration] INFO  o.e.m.c.i.p.ProjectConfigurationManager - Update started
2023-07-03 16:33:48,803 [Worker-15: Update Maven projects configuration] INFO  o.e.m.c.i.l.LifecycleMappingFactory - Using org.eclipse.m2e.jdt.JarLifecycleMapping lifecycle mapping for MavenProject: com.dxc:register-login-service:0.0.1-SNAPSHOT @ C:\Users\mdurgaprasa3\OneDrive - DXC Production\Desktop\Full-Project-master\Backend Main\register-login-service\pom.xml.
2023-07-03 16:33:50,041 [Worker-15: Update Maven projects configuration] INFO  o.e.m.c.i.e.AbstractTransferListenerAdapter - Downloading https://repo.maven.apache.org/maven2/javax/xml/bind/jaxb-api/2.3.0/jaxb-api-2.3.0.pom
2023-07-03 16:33:50,137 [Worker-15: Update Maven projects configuration] INFO  o.e.m.c.i.e.AbstractTransferListenerAdapter - Downloaded https://repo.maven.apache.org/maven2/javax/xml/bind/jaxb-api/2.3.0/jaxb-api-2.3.0.pom
2023-07-03 16:33:50,208 [Worker-15: Update Maven projects configuration] INFO  o.e.m.c.i.e.AbstractTransferListenerAdapter - Downloading https://repo.maven.apache.org/maven2/javax/xml/bind/jaxb-api-parent/2.3.0/jaxb-api-parent-2.3.0.pom
2023-07-03 16:33:50,309 [Worker-15: Update Maven projects configuration] INFO  o.e.m.c.i.e.AbstractTransferListenerAdapter - Downloaded https://repo.maven.apache.org/maven2/javax/xml/bind/jaxb-api-parent/2.3.0/jaxb-api-parent-2.3.0.pom
2023-07-03 16:33:50,680 [Worker-15: Update Maven projects configuration] INFO  o.e.m.c.i.e.AbstractTransferListenerAdapter - Downloading https://repo.maven.apache.org/maven2/javax/xml/bind/jaxb-api/2.3.0/jaxb-api-2.3.0.jar
2023-07-03 16:33:50,832 [Worker-15: Update Maven projects configuration] INFO  o.e.m.c.i.e.AbstractTransferListenerAdapter - Downloaded https://repo.maven.apache.org/maven2/javax/xml/bind/jaxb-api/2.3.0/jaxb-api-2.3.0.jar
2023-07-03 16:33:53,441 [Worker-14: Building] INFO  o.e.m.c.i.l.LifecycleMappingFactory - Using org.eclipse.m2e.jdt.JarLifecycleMapping lifecycle mapping for MavenProject: com.dxc:JobPost-Service:0.0.1-SNAPSHOT @ C:\Users\mdurgaprasa3\OneDrive - DXC Production\Desktop\Full-Project-master\Backend Main\JobPost-Service\pom.xml.
2023-07-03 16:33:54,374 [Worker-4: Download sources and javadoc] INFO  o.e.m.c.i.e.AbstractTransferListenerAdapter - Downloading https://repo.maven.apache.org/maven2/javax/xml/bind/jaxb-api/2.3.0/jaxb-api-2.3.0-sources.jar
2023-07-03 16:33:54,635 [Worker-4: Download sources and javadoc] INFO  o.e.m.c.i.e.AbstractTransferListenerAdapter - Downloaded https://repo.maven.apache.org/maven2/javax/xml/bind/jaxb-api/2.3.0/jaxb-api-2.3.0-sources.jar
2023-07-03 16:33:54,652 [Worker-4: Download sources and javadoc] INFO  o.e.m.j.internal.DownloadSourcesJob - Downloaded sources for javax.xml.bind:jaxb-api:2.3.0
2023-07-03 16:33:55,097 [Worker-14: Building] INFO  o.a.m.s.f.DefaultMavenResourcesFiltering - Copying 1 resource from src\main\resources to target\classes
2023-07-03 16:33:55,125 [Worker-14: Building] INFO  o.a.m.s.f.DefaultMavenResourcesFiltering - Copying 0 resource from src\main\resources to target\classes
2023-07-03 16:33:55,134 [Worker-14: Building] INFO  o.a.m.s.f.DefaultMavenResourcesFiltering - skip non existing resourceDirectory C:\Users\mdurgaprasa3\OneDrive - DXC Production\Desktop\Full-Project-master\Backend Main\JobPost-Service\src\test\resources
2023-07-03 16:33:55,518 [Worker-15: Update Maven projects configuration] INFO  o.e.m.j.i.AbstractJavaProjectConfigurator - Adding source folder /register-login-service/src/main/java
2023-07-03 16:33:55,519 [Worker-15: Update Maven projects configuration] INFO  o.e.m.j.i.AbstractJavaProjectConfigurator - Adding resource folder /register-login-service/src/main/resources
2023-07-03 16:33:55,529 [Worker-15: Update Maven projects configuration] INFO  o.e.m.j.i.AbstractJavaProjectConfigurator - Adding resource folder /register-login-service/src/main/resources
2023-07-03 16:33:55,556 [Worker-15: Update Maven projects configuration] INFO  o.e.m.j.i.AbstractJavaProjectConfigurator - Adding source folder /register-login-service/src/test/java
2023-07-03 16:33:56,199 [Worker-4: Building] INFO  o.e.m.c.i.l.LifecycleMappingFactory - Using org.eclipse.m2e.jdt.JarLifecycleMapping lifecycle mapping for MavenProject: com.dxc:JobSearchAndApply-Service:0.0.1-SNAPSHOT @ C:\Users\mdurgaprasa3\OneDrive - DXC Production\Desktop\Full-Project-master\Backend Main\JobSearchAndApply-Service\pom.xml.
2023-07-03 16:33:57,533 [Worker-4: Building] INFO  o.a.m.s.f.DefaultMavenResourcesFiltering - Copying 1 resource from src\main\resources to target\classes
2023-07-03 16:33:57,554 [Worker-4: Building] INFO  o.a.m.s.f.DefaultMavenResourcesFiltering - Copying 0 resource from src\main\resources to target\classes
2023-07-03 16:33:57,561 [Worker-4: Building] INFO  o.a.m.s.f.DefaultMavenResourcesFiltering - skip non existing resourceDirectory C:\Users\mdurgaprasa3\OneDrive - DXC Production\Desktop\Full-Project-master\Backend Main\JobSearchAndApply-Service\src\test\resources
2023-07-03 16:33:58,763 [Worker-5: Building] INFO  o.e.m.c.i.l.LifecycleMappingFactory - Using org.eclipse.m2e.jdt.JarLifecycleMapping lifecycle mapping for MavenProject: com.dxc:JobSeekerProfile-Service:0.0.1-SNAPSHOT @ C:\Users\mdurgaprasa3\OneDrive - DXC Production\Desktop\Full-Project-master\Backend Main\JobSeekerProfile-Service\pom.xml.
2023-07-03 16:34:00,061 [Worker-5: Building] INFO  o.a.m.s.f.DefaultMavenResourcesFiltering - Copying 1 resource from src\main\resources to target\classes
2023-07-03 16:34:00,090 [Worker-5: Building] INFO  o.a.m.s.f.DefaultMavenResourcesFiltering - Copying 0 resource from src\main\resources to target\classes
2023-07-03 16:34:00,099 [Worker-5: Building] INFO  o.a.m.s.f.DefaultMavenResourcesFiltering - skip non existing resourceDirectory C:\Users\mdurgaprasa3\OneDrive - DXC Production\Desktop\Full-Project-master\Backend Main\JobSeekerProfile-Service\src\test\resources
2023-07-03 16:34:01,097 [Worker-4: Building] INFO  o.e.m.c.i.l.LifecycleMappingFactory - Using org.eclipse.m2e.jdt.JarLifecycleMapping lifecycle mapping for MavenProject: com.dxc:ServiceRegistry:0.0.1-SNAPSHOT @ C:\Users\mdurgaprasa3\OneDrive - DXC Production\Desktop\Full-Project-master\Backend Main\ServiceRegistry\pom.xml.
2023-07-03 16:34:03,348 [Worker-4: Building] INFO  o.a.m.s.f.DefaultMavenResourcesFiltering - Copying 1 resource from src\main\resources to target\classes
2023-07-03 16:34:03,369 [Worker-4: Building] INFO  o.a.m.s.f.DefaultMavenResourcesFiltering - Copying 0 resource from src\main\resources to target\classes
2023-07-03 16:34:03,375 [Worker-4: Building] INFO  o.a.m.s.f.DefaultMavenResourcesFiltering - skip non existing resourceDirectory C:\Users\mdurgaprasa3\OneDrive - DXC Production\Desktop\Full-Project-master\Backend Main\ServiceRegistry\src\test\resources
2023-07-03 16:34:03,626 [Worker-15: Update Maven projects configuration] INFO  o.e.m.c.i.p.ProjectConfigurationManager - Update completed for 1 poms: local refresh takes 0.00 sec, refresh facades takes 6.00 sec, update config takes 11.00 sec 
2023-07-03 16:34:03,633 [Worker-15: Update Maven projects configuration] INFO  o.e.m.c.i.p.ProjectConfigurationManager - Update started
2023-07-03 16:34:05,954 [Worker-15: Update Maven projects configuration] INFO  o.e.m.c.i.l.LifecycleMappingFactory - Using org.eclipse.m2e.jdt.JarLifecycleMapping lifecycle mapping for MavenProject: com.dxc:apigateway-service:0.0.1-SNAPSHOT @ C:\Users\mdurgaprasa3\OneDrive - DXC Production\Desktop\Full-Project-master\Backend Main\apigateway-service\pom.xml.
2023-07-03 16:34:06,767 [Worker-15: Update Maven projects configuration] INFO  o.e.m.c.i.l.LifecycleMappingFactory - Using org.eclipse.m2e.jdt.JarLifecycleMapping lifecycle mapping for MavenProject: com.dxc:JobPost-Service:0.0.1-SNAPSHOT @ C:\Users\mdurgaprasa3\OneDrive - DXC Production\Desktop\Full-Project-master\Backend Main\JobPost-Service\pom.xml.
2023-07-03 16:34:07,065 [Worker-15: Update Maven projects configuration] INFO  o.e.m.c.i.l.LifecycleMappingFactory - Using org.eclipse.m2e.jdt.JarLifecycleMapping lifecycle mapping for MavenProject: com.dxc:register-login-service:0.0.1-SNAPSHOT @ C:\Users\mdurgaprasa3\OneDrive - DXC Production\Desktop\Full-Project-master\Backend Main\register-login-service\pom.xml.
2023-07-03 16:34:07,345 [Worker-15: Update Maven projects configuration] INFO  o.e.m.c.i.l.LifecycleMappingFactory - Using org.eclipse.m2e.jdt.JarLifecycleMapping lifecycle mapping for MavenProject: com.dxc:JobSeekerProfile-Service:0.0.1-SNAPSHOT @ C:\Users\mdurgaprasa3\OneDrive - DXC Production\Desktop\Full-Project-master\Backend Main\JobSeekerProfile-Service\pom.xml.
2023-07-03 16:34:07,694 [Worker-15: Update Maven projects configuration] INFO  o.e.m.c.i.l.LifecycleMappingFactory - Using org.eclipse.m2e.jdt.JarLifecycleMapping lifecycle mapping for MavenProject: com.dxc:JobSearchAndApply-Service:0.0.1-SNAPSHOT @ C:\Users\mdurgaprasa3\OneDrive - DXC Production\Desktop\Full-Project-master\Backend Main\JobSearchAndApply-Service\pom.xml.
2023-07-03 16:34:08,089 [Worker-15: Update Maven projects configuration] INFO  o.e.m.c.i.l.LifecycleMappingFactory - Using org.eclipse.m2e.jdt.JarLifecycleMapping lifecycle mapping for MavenProject: com.dxc:ServiceRegistry:0.0.1-SNAPSHOT @ C:\Users\mdurgaprasa3\OneDrive - DXC Production\Desktop\Full-Project-master\Backend Main\ServiceRegistry\pom.xml.
2023-07-03 16:34:08,808 [Worker-15: Update Maven projects configuration] INFO  o.e.m.c.i.l.LifecycleMappingFactory - Using org.eclipse.m2e.jdt.JarLifecycleMapping lifecycle mapping for MavenProject: com.dxc:ShortListing-Service:0.0.1-SNAPSHOT @ C:\Users\mdurgaprasa3\OneDrive - DXC Production\Desktop\Full-Project-master\Backend Main\ShortListing-Service\pom.xml.
2023-07-03 16:34:13,212 [Worker-15: Update Maven projects configuration] INFO  o.e.m.j.i.AbstractJavaProjectConfigurator - Adding source folder /apigateway-service/src/main/java
2023-07-03 16:34:13,213 [Worker-15: Update Maven projects configuration] INFO  o.e.m.j.i.AbstractJavaProjectConfigurator - Adding resource folder /apigateway-service/src/main/resources
2023-07-03 16:34:13,230 [Worker-15: Update Maven projects configuration] INFO  o.e.m.j.i.AbstractJavaProjectConfigurator - Adding resource folder /apigateway-service/src/main/resources
2023-07-03 16:34:13,252 [Worker-15: Update Maven projects configuration] INFO  o.e.m.j.i.AbstractJavaProjectConfigurator - Adding source folder /apigateway-service/src/test/java
2023-07-03 16:34:14,035 [Worker-10: Updating Maven Dependencies] INFO  o.e.m.c.i.l.LifecycleMappingFactory - Using org.eclipse.m2e.jdt.JarLifecycleMapping lifecycle mapping for MavenProject: com.dxc:register-login-service:0.0.1-SNAPSHOT @ C:\Users\mdurgaprasa3\OneDrive - DXC Production\Desktop\Full-Project-master\Backend Main\register-login-service\pom.xml.
2023-07-03 16:34:14,952 [Worker-7: Building] INFO  o.a.m.s.f.DefaultMavenResourcesFiltering - Copying 1 resource from src\main\resources to target\classes
2023-07-03 16:34:15,026 [Worker-7: Building] INFO  o.a.m.s.f.DefaultMavenResourcesFiltering - Copying 0 resource from src\main\resources to target\classes
2023-07-03 16:34:15,043 [Worker-7: Building] INFO  o.a.m.s.f.DefaultMavenResourcesFiltering - skip non existing resourceDirectory C:\Users\mdurgaprasa3\OneDrive - DXC Production\Desktop\Full-Project-master\Backend Main\ShortListing-Service\src\test\resources
2023-07-03 16:34:16,569 [Worker-15: Update Maven projects configuration] INFO  o.e.m.j.i.AbstractJavaProjectConfigurator - Adding source folder /JobPost-Service/src/main/java
2023-07-03 16:34:16,570 [Worker-15: Update Maven projects configuration] INFO  o.e.m.j.i.AbstractJavaProjectConfigurator - Adding resource folder /JobPost-Service/src/main/resources
2023-07-03 16:34:16,606 [Worker-15: Update Maven projects configuration] INFO  o.e.m.j.i.AbstractJavaProjectConfigurator - Adding resource folder /JobPost-Service/src/main/resources
2023-07-03 16:34:16,628 [Worker-15: Update Maven projects configuration] INFO  o.e.m.j.i.AbstractJavaProjectConfigurator - Adding source folder /JobPost-Service/src/test/java
2023-07-03 16:34:19,833 [Worker-10: Building] INFO  o.a.m.s.f.DefaultMavenResourcesFiltering - Copying 1 resource from src\main\resources to target\classes
2023-07-03 16:34:19,881 [Worker-10: Building] INFO  o.a.m.s.f.DefaultMavenResourcesFiltering - Copying 0 resource from src\main\resources to target\classes
2023-07-03 16:34:19,892 [Worker-10: Building] INFO  o.a.m.s.f.DefaultMavenResourcesFiltering - skip non existing resourceDirectory C:\Users\mdurgaprasa3\OneDrive - DXC Production\Desktop\Full-Project-master\Backend Main\JobPost-Service\src\test\resources
2023-07-03 16:34:20,676 [Worker-15: Update Maven projects configuration] INFO  o.e.m.j.i.AbstractJavaProjectConfigurator - Adding source folder /register-login-service/src/main/java
2023-07-03 16:34:20,676 [Worker-15: Update Maven projects configuration] INFO  o.e.m.j.i.AbstractJavaProjectConfigurator - Adding resource folder /register-login-service/src/main/resources
2023-07-03 16:34:20,679 [Worker-15: Update Maven projects configuration] INFO  o.e.m.j.i.AbstractJavaProjectConfigurator - Adding resource folder /register-login-service/src/main/resources
2023-07-03 16:34:20,685 [Worker-15: Update Maven projects configuration] INFO  o.e.m.j.i.AbstractJavaProjectConfigurator - Adding source folder /register-login-service/src/test/java
2023-07-03 16:34:22,133 [Worker-15: Update Maven projects configuration] INFO  o.e.m.j.i.AbstractJavaProjectConfigurator - Adding source folder /JobSeekerProfile-Service/src/main/java
2023-07-03 16:34:22,134 [Worker-15: Update Maven projects configuration] INFO  o.e.m.j.i.AbstractJavaProjectConfigurator - Adding resource folder /JobSeekerProfile-Service/src/main/resources
2023-07-03 16:34:22,147 [Worker-15: Update Maven projects configuration] INFO  o.e.m.j.i.AbstractJavaProjectConfigurator - Adding resource folder /JobSeekerProfile-Service/src/main/resources
2023-07-03 16:34:22,165 [Worker-15: Update Maven projects configuration] INFO  o.e.m.j.i.AbstractJavaProjectConfigurator - Adding source folder /JobSeekerProfile-Service/src/test/java
2023-07-03 16:34:22,548 [Worker-16: Building] INFO  o.a.m.s.f.DefaultMavenResourcesFiltering - Copying 1 resource from src\main\resources to target\classes
2023-07-03 16:34:22,575 [Worker-16: Building] INFO  o.a.m.s.f.DefaultMavenResourcesFiltering - Copying 0 resource from src\main\resources to target\classes
2023-07-03 16:34:22,585 [Worker-16: Building] INFO  o.a.m.s.f.DefaultMavenResourcesFiltering - skip non existing resourceDirectory C:\Users\mdurgaprasa3\OneDrive - DXC Production\Desktop\Full-Project-master\Backend Main\JobPost-Service\src\test\resources
2023-07-03 16:34:23,510 [Worker-16: Building] INFO  o.a.m.s.f.DefaultMavenResourcesFiltering - Copying 1 resource from src\main\resources to target\classes
2023-07-03 16:34:23,535 [Worker-16: Building] INFO  o.a.m.s.f.DefaultMavenResourcesFiltering - Copying 0 resource from src\main\resources to target\classes
2023-07-03 16:34:23,544 [Worker-16: Building] INFO  o.a.m.s.f.DefaultMavenResourcesFiltering - skip non existing resourceDirectory C:\Users\mdurgaprasa3\OneDrive - DXC Production\Desktop\Full-Project-master\Backend Main\JobSeekerProfile-Service\src\test\resources
2023-07-03 16:34:24,027 [Worker-15: Update Maven projects configuration] INFO  o.e.m.j.i.AbstractJavaProjectConfigurator - Adding source folder /JobSearchAndApply-Service/src/main/java
2023-07-03 16:34:24,028 [Worker-15: Update Maven projects configuration] INFO  o.e.m.j.i.AbstractJavaProjectConfigurator - Adding resource folder /JobSearchAndApply-Service/src/main/resources
2023-07-03 16:34:24,048 [Worker-15: Update Maven projects configuration] INFO  o.e.m.j.i.AbstractJavaProjectConfigurator - Adding resource folder /JobSearchAndApply-Service/src/main/resources
2023-07-03 16:34:24,066 [Worker-15: Update Maven projects configuration] INFO  o.e.m.j.i.AbstractJavaProjectConfigurator - Adding source folder /JobSearchAndApply-Service/src/test/java
2023-07-03 16:34:25,334 [Worker-17: Building] INFO  o.a.m.s.f.DefaultMavenResourcesFiltering - Copying 1 resource from src\main\resources to target\classes
2023-07-03 16:34:25,360 [Worker-17: Building] INFO  o.a.m.s.f.DefaultMavenResourcesFiltering - Copying 0 resource from src\main\resources to target\classes
2023-07-03 16:34:25,369 [Worker-17: Building] INFO  o.a.m.s.f.DefaultMavenResourcesFiltering - skip non existing resourceDirectory C:\Users\mdurgaprasa3\OneDrive - DXC Production\Desktop\Full-Project-master\Backend Main\JobSearchAndApply-Service\src\test\resources
2023-07-03 16:34:25,862 [Worker-15: Update Maven projects configuration] INFO  o.e.m.j.i.AbstractJavaProjectConfigurator - Adding source folder /ServiceRegistry/src/main/java
2023-07-03 16:34:25,863 [Worker-15: Update Maven projects configuration] INFO  o.e.m.j.i.AbstractJavaProjectConfigurator - Adding resource folder /ServiceRegistry/src/main/resources
2023-07-03 16:34:25,876 [Worker-15: Update Maven projects configuration] INFO  o.e.m.j.i.AbstractJavaProjectConfigurator - Adding resource folder /ServiceRegistry/src/main/resources
2023-07-03 16:34:25,892 [Worker-15: Update Maven projects configuration] INFO  o.e.m.j.i.AbstractJavaProjectConfigurator - Adding source folder /ServiceRegistry/src/test/java
2023-07-03 16:34:27,094 [Worker-16: Building] INFO  o.a.m.s.f.DefaultMavenResourcesFiltering - Copying 1 resource from src\main\resources to target\classes
2023-07-03 16:34:27,103 [Worker-16: Building] INFO  o.a.m.s.f.DefaultMavenResourcesFiltering - Copying 0 resource from src\main\resources to target\classes
2023-07-03 16:34:27,112 [Worker-16: Building] INFO  o.a.m.s.f.DefaultMavenResourcesFiltering - skip non existing resourceDirectory C:\Users\mdurgaprasa3\OneDrive - DXC Production\Desktop\Full-Project-master\Backend Main\JobSearchAndApply-Service\src\test\resources
2023-07-03 16:34:27,728 [Worker-16: Building] INFO  o.a.m.s.f.DefaultMavenResourcesFiltering - Copying 1 resource from src\main\resources to target\classes
2023-07-03 16:34:27,735 [Worker-16: Building] INFO  o.a.m.s.f.DefaultMavenResourcesFiltering - Copying 0 resource from src\main\resources to target\classes
2023-07-03 16:34:27,743 [Worker-16: Building] INFO  o.a.m.s.f.DefaultMavenResourcesFiltering - skip non existing resourceDirectory C:\Users\mdurgaprasa3\OneDrive - DXC Production\Desktop\Full-Project-master\Backend Main\JobSeekerProfile-Service\src\test\resources
2023-07-03 16:34:28,240 [Worker-15: Update Maven projects configuration] INFO  o.e.m.j.i.AbstractJavaProjectConfigurator - Adding source folder /ShortListing-Service/src/main/java
2023-07-03 16:34:28,240 [Worker-15: Update Maven projects configuration] INFO  o.e.m.j.i.AbstractJavaProjectConfigurator - Adding resource folder /ShortListing-Service/src/main/resources
2023-07-03 16:34:28,252 [Worker-15: Update Maven projects configuration] INFO  o.e.m.j.i.AbstractJavaProjectConfigurator - Adding resource folder /ShortListing-Service/src/main/resources
2023-07-03 16:34:28,267 [Worker-15: Update Maven projects configuration] INFO  o.e.m.j.i.AbstractJavaProjectConfigurator - Adding source folder /ShortListing-Service/src/test/java
2023-07-03 16:34:29,149 [Worker-7: Building] INFO  o.a.m.s.f.DefaultMavenResourcesFiltering - Copying 1 resource from src\main\resources to target\classes
2023-07-03 16:34:29,170 [Worker-7: Building] INFO  o.a.m.s.f.DefaultMavenResourcesFiltering - Copying 0 resource from src\main\resources to target\classes
2023-07-03 16:34:29,177 [Worker-7: Building] INFO  o.a.m.s.f.DefaultMavenResourcesFiltering - skip non existing resourceDirectory C:\Users\mdurgaprasa3\OneDrive - DXC Production\Desktop\Full-Project-master\Backend Main\ServiceRegistry\src\test\resources
2023-07-03 16:34:29,852 [Worker-15: Update Maven projects configuration] INFO  o.e.m.c.i.p.ProjectConfigurationManager - Update completed for 7 poms: local refresh takes 0.00 sec, refresh facades takes 9.00 sec, update config takes 16.00 sec 
2023-07-03 16:34:30,291 [Worker-5: Building] INFO  o.a.m.s.f.DefaultMavenResourcesFiltering - Copying 1 resource from src\main\resources to target\classes
2023-07-03 16:34:30,302 [Worker-5: Building] INFO  o.a.m.s.f.DefaultMavenResourcesFiltering - Copying 0 resource from src\main\resources to target\classes
2023-07-03 16:34:30,309 [Worker-5: Building] INFO  o.a.m.s.f.DefaultMavenResourcesFiltering - skip non existing resourceDirectory C:\Users\mdurgaprasa3\OneDrive - DXC Production\Desktop\Full-Project-master\Backend Main\ShortListing-Service\src\test\resources
2023-07-03 16:34:30,792 [Worker-5: Building] INFO  o.a.m.s.f.DefaultMavenResourcesFiltering - Copying 1 resource from src\main\resources to target\classes
2023-07-03 16:34:30,851 [Worker-5: Building] INFO  o.a.m.s.f.DefaultMavenResourcesFiltering - Copying 0 resource from src\main\resources to target\classes
2023-07-03 16:34:30,861 [Worker-5: Building] INFO  o.a.m.s.f.DefaultMavenResourcesFiltering - skip non existing resourceDirectory C:\Users\mdurgaprasa3\OneDrive - DXC Production\Desktop\Full-Project-master\Backend Main\apigateway-service\src\test\resources
2023-07-03 16:34:31,423 [Worker-5: Building] INFO  o.a.m.s.f.DefaultMavenResourcesFiltering - Copying 1 resource from src\main\resources to target\classes
2023-07-03 16:34:31,446 [Worker-5: Building] INFO  o.a.m.s.f.DefaultMavenResourcesFiltering - Copying 0 resource from src\main\resources to target\classes
2023-07-03 16:34:31,452 [Worker-5: Building] INFO  o.a.m.s.f.DefaultMavenResourcesFiltering - skip non existing resourceDirectory C:\Users\mdurgaprasa3\OneDrive - DXC Production\Desktop\Full-Project-master\Backend Main\register-login-service\src\test\resources
2023-07-03 16:34:55,991 [Worker-17: Building] INFO  o.a.m.s.f.DefaultMavenResourcesFiltering - Copying 1 resource from src\main\resources to target\classes
2023-07-03 16:34:56,017 [Worker-17: Building] INFO  o.a.m.s.f.DefaultMavenResourcesFiltering - Copying 0 resource from src\main\resources to target\classes
2023-07-03 16:34:56,025 [Worker-17: Building] INFO  o.a.m.s.f.DefaultMavenResourcesFiltering - skip non existing resourceDirectory C:\Users\mdurgaprasa3\OneDrive - DXC Production\Desktop\Full-Project-master\Backend Main\JobSeekerProfile-Service\src\test\resources
2023-07-03 16:36:09,055 [Worker-15: Building] INFO  o.a.m.s.f.DefaultMavenResourcesFiltering - Copying 0 resource from src\main\resources to target\classes
2023-07-03 16:36:09,056 [Worker-15: Building] INFO  o.a.m.s.f.DefaultMavenResourcesFiltering - Copying 0 resource from src\main\resources to target\classes
2023-07-03 16:36:09,062 [Worker-15: Building] INFO  o.a.m.s.f.DefaultMavenResourcesFiltering - skip non existing resourceDirectory C:\Users\mdurgaprasa3\OneDrive - DXC Production\Desktop\Full-Project-master\Backend Main\JobSeekerProfile-Service\src\test\resources
2023-07-03 16:36:18,084 [Worker-7: Building] INFO  o.a.m.s.f.DefaultMavenResourcesFiltering - Copying 0 resource from src\main\resources to target\classes
2023-07-03 16:36:18,085 [Worker-7: Building] INFO  o.a.m.s.f.DefaultMavenResourcesFiltering - Copying 0 resource from src\main\resources to target\classes
2023-07-03 16:36:18,093 [Worker-7: Building] INFO  o.a.m.s.f.DefaultMavenResourcesFiltering - skip non existing resourceDirectory C:\Users\mdurgaprasa3\OneDrive - DXC Production\Desktop\Full-Project-master\Backend Main\JobSeekerProfile-Service\src\test\resources
2023-07-03 18:35:06,974 [Worker-4: Loading available Gradle versions] INFO  o.e.b.c.i.u.g.PublishedGradleVersions - Gradle version information cache is up-to-date. Trying to read.
2023-07-04 09:44:15,407 [Worker-4: Loading available Gradle versions] INFO  o.e.b.c.i.u.g.PublishedGradleVersions - Gradle version information cache is up-to-date. Trying to read.
2023-07-04 15:42:53,736 [Worker-4: Loading available Gradle versions] INFO  o.e.b.c.i.u.g.PublishedGradleVersions - Gradle version information cache is up-to-date. Trying to read.
2023-07-04 17:45:41,941 [Worker-38: Building] INFO  o.a.m.s.f.DefaultMavenResourcesFiltering - Copying 1 resource from src\main\resources to target\classes
2023-07-04 17:45:41,990 [Worker-38: Building] INFO  o.a.m.s.f.DefaultMavenResourcesFiltering - Copying 0 resource from src\main\resources to target\classes
2023-07-04 17:45:42,005 [Worker-38: Building] INFO  o.a.m.s.f.DefaultMavenResourcesFiltering - skip non existing resourceDirectory C:\Users\mdurgaprasa3\OneDrive - DXC Production\Desktop\Full-Project-master\Backend Main\ShortListing-Service\src\test\resources
2023-07-04 17:45:53,150 [Worker-39: Building] INFO  o.a.m.s.f.DefaultMavenResourcesFiltering - Copying 1 resource from src\main\resources to target\classes
2023-07-04 17:45:53,160 [Worker-39: Building] INFO  o.a.m.s.f.DefaultMavenResourcesFiltering - Copying 0 resource from src\main\resources to target\classes
2023-07-04 17:45:53,166 [Worker-39: Building] INFO  o.a.m.s.f.DefaultMavenResourcesFiltering - skip non existing resourceDirectory C:\Users\mdurgaprasa3\OneDrive - DXC Production\Desktop\Full-Project-master\Backend Main\ShortListing-Service\src\test\resources
2023-07-04 17:47:50,622 [Worker-38: Building] INFO  o.a.m.s.f.DefaultMavenResourcesFiltering - Copying 1 resource from src\main\resources to target\classes
2023-07-04 17:47:50,629 [Worker-38: Building] INFO  o.a.m.s.f.DefaultMavenResourcesFiltering - Copying 0 resource from src\main\resources to target\classes
2023-07-04 17:47:50,633 [Worker-38: Building] INFO  o.a.m.s.f.DefaultMavenResourcesFiltering - skip non existing resourceDirectory C:\Users\mdurgaprasa3\OneDrive - DXC Production\Desktop\Full-Project-master\Backend Main\ShortListing-Service\src\test\resources
2023-07-05 10:08:32,513 [Worker-3: Loading available Gradle versions] INFO  o.e.b.c.i.u.g.PublishedGradleVersions - Gradle version information cache is out-of-date. Trying to update.
2023-07-24 13:59:07,009 [Worker-1: Loading available Gradle versions] INFO  o.e.b.c.i.u.g.PublishedGradleVersions - Gradle version information cache is out-of-date. Trying to update.
2023-08-11 10:56:30,927 [Worker-5: Loading available Gradle versions] INFO  o.e.b.c.i.u.g.PublishedGradleVersions - Gradle version information cache is up-to-date. Trying to read.
2023-08-11 10:56:55,727 [Worker-13: Launching ServiceRegistry - ServiceRegistryApplication] INFO  o.a.m.s.f.DefaultMavenResourcesFiltering - Copying 1 resource from src\main\resources to target\classes
2023-08-11 10:56:55,761 [Worker-13: Launching ServiceRegistry - ServiceRegistryApplication] INFO  o.a.m.s.f.DefaultMavenResourcesFiltering - Copying 0 resource from src\main\resources to target\classes
2023-08-11 10:56:55,767 [Worker-13: Launching ServiceRegistry - ServiceRegistryApplication] INFO  o.a.m.s.f.DefaultMavenResourcesFiltering - skip non existing resourceDirectory C:\Users\mdurgaprasa3\OneDrive - DXC Production\Desktop\Full-Project-master\Backend Main\ServiceRegistry\src\test\resources
2023-08-11 10:56:59,392 [Worker-7: Building] INFO  o.a.m.s.f.DefaultMavenResourcesFiltering - Copying 1 resource from src\main\resources to target\classes
2023-08-11 10:56:59,422 [Worker-7: Building] INFO  o.a.m.s.f.DefaultMavenResourcesFiltering - Copying 0 resource from src\main\resources to target\classes
2023-08-11 10:56:59,430 [Worker-7: Building] INFO  o.a.m.s.f.DefaultMavenResourcesFiltering - skip non existing resourceDirectory C:\Users\mdurgaprasa3\OneDrive - DXC Production\Desktop\Full-Project-master\Backend Main\JobPost-Service\src\test\resources
2023-08-11 10:57:01,240 [Worker-7: Building] INFO  o.a.m.s.f.DefaultMavenResourcesFiltering - Copying 1 resource from src\main\resources to target\classes
2023-08-11 10:57:01,275 [Worker-7: Building] INFO  o.a.m.s.f.DefaultMavenResourcesFiltering - Copying 0 resource from src\main\resources to target\classes
2023-08-11 10:57:01,283 [Worker-7: Building] INFO  o.a.m.s.f.DefaultMavenResourcesFiltering - skip non existing resourceDirectory C:\Users\mdurgaprasa3\OneDrive - DXC Production\Desktop\Full-Project-master\Backend Main\JobSearchAndApply-Service\src\test\resources
2023-08-11 10:57:03,230 [Worker-7: Building] INFO  o.a.m.s.f.DefaultMavenResourcesFiltering - Copying 1 resource from src\main\resources to target\classes
2023-08-11 10:57:03,265 [Worker-7: Building] INFO  o.a.m.s.f.DefaultMavenResourcesFiltering - Copying 0 resource from src\main\resources to target\classes
2023-08-11 10:57:03,274 [Worker-7: Building] INFO  o.a.m.s.f.DefaultMavenResourcesFiltering - skip non existing resourceDirectory C:\Users\mdurgaprasa3\OneDrive - DXC Production\Desktop\Full-Project-master\Backend Main\JobSeekerProfile-Service\src\test\resources
2023-08-11 10:57:04,993 [Worker-7: Building] INFO  o.a.m.s.f.DefaultMavenResourcesFiltering - Copying 1 resource from src\main\resources to target\classes
2023-08-11 10:57:05,021 [Worker-7: Building] INFO  o.a.m.s.f.DefaultMavenResourcesFiltering - Copying 0 resource from src\main\resources to target\classes
2023-08-11 10:57:05,026 [Worker-7: Building] INFO  o.a.m.s.f.DefaultMavenResourcesFiltering - skip non existing resourceDirectory C:\Users\mdurgaprasa3\OneDrive - DXC Production\Desktop\Full-Project-master\Backend Main\ShortListing-Service\src\test\resources
2023-08-11 10:57:07,007 [Worker-7: Building] INFO  o.a.m.s.f.DefaultMavenResourcesFiltering - Copying 1 resource from src\main\resources to target\classes
2023-08-11 10:57:07,048 [Worker-7: Building] INFO  o.a.m.s.f.DefaultMavenResourcesFiltering - Copying 0 resource from src\main\resources to target\classes
2023-08-11 10:57:07,057 [Worker-7: Building] INFO  o.a.m.s.f.DefaultMavenResourcesFiltering - skip non existing resourceDirectory C:\Users\mdurgaprasa3\OneDrive - DXC Production\Desktop\Full-Project-master\Backend Main\apigateway-service\src\test\resources
2023-08-11 10:57:08,436 [Worker-7: Building] INFO  o.a.m.s.f.DefaultMavenResourcesFiltering - Copying 1 resource from src\main\resources to target\classes
2023-08-11 10:57:08,469 [Worker-7: Building] INFO  o.a.m.s.f.DefaultMavenResourcesFiltering - Copying 0 resource from src\main\resources to target\classes
2023-08-11 10:57:08,476 [Worker-7: Building] INFO  o.a.m.s.f.DefaultMavenResourcesFiltering - skip non existing resourceDirectory C:\Users\mdurgaprasa3\OneDrive - DXC Production\Desktop\Full-Project-master\Backend Main\register-login-service\src\test\resources
2023-08-11 14:22:43,158 [Worker-3: Loading available Gradle versions] INFO  o.e.b.c.i.u.g.PublishedGradleVersions - Gradle version information cache is out-of-date. Trying to update.
2023-08-11 14:50:02,641 [Worker-20: Launching Executing verify in C__Users_mdurgaprasa3_OneDrive - DXC Production_Desktop_Full-Project-master_Backend Main_JobPost-Service] INFO  o.eclipse.m2e.core.internal.Bundles - getClasspathEntries(Bundle=org.eclipse.m2e.maven.runtime_3.8.701.20230209-1606 [346])
2023-08-11 14:50:02,667 [Worker-20: Launching Executing verify in C__Users_mdurgaprasa3_OneDrive - DXC Production_Desktop_Full-Project-master_Backend Main_JobPost-Service] INFO  o.eclipse.m2e.core.internal.Bundles - 	Entry: C:\sts-4.18.1.RELEASE\plugins\org.eclipse.m2e.maven.runtime_3.8.701.20230209-1606
2023-08-11 14:50:02,668 [Worker-20: Launching Executing verify in C__Users_mdurgaprasa3_OneDrive - DXC Production_Desktop_Full-Project-master_Backend Main_JobPost-Service] INFO  o.eclipse.m2e.core.internal.Bundles - 	Entry: C:\sts-4.18.1.RELEASE\plugins\org.eclipse.m2e.maven.runtime_3.8.701.20230209-1606\jars\aether-connector-okhttp-0.17.8.jar
2023-08-11 14:50:02,669 [Worker-20: Launching Executing verify in C__Users_mdurgaprasa3_OneDrive - DXC Production_Desktop_Full-Project-master_Backend Main_JobPost-Service] INFO  o.eclipse.m2e.core.internal.Bundles - 	Entry: C:\sts-4.18.1.RELEASE\plugins\org.eclipse.m2e.maven.runtime_3.8.701.20230209-1606\jars\commons-lang3-3.8.1.jar
2023-08-11 14:50:02,670 [Worker-20: Launching Executing verify in C__Users_mdurgaprasa3_OneDrive - DXC Production_Desktop_Full-Project-master_Backend Main_JobPost-Service] INFO  o.eclipse.m2e.core.internal.Bundles - 	Entry: C:\sts-4.18.1.RELEASE\plugins\org.eclipse.m2e.maven.runtime_3.8.701.20230209-1606\jars\guice-4.2.2-no_aop.jar
2023-08-11 14:50:02,670 [Worker-20: Launching Executing verify in C__Users_mdurgaprasa3_OneDrive - DXC Production_Desktop_Full-Project-master_Backend Main_JobPost-Service] INFO  o.eclipse.m2e.core.internal.Bundles - 	Entry: C:\sts-4.18.1.RELEASE\plugins\org.eclipse.m2e.maven.runtime_3.8.701.20230209-1606\jars\jansi-2.4.0.jar
2023-08-11 14:50:02,671 [Worker-20: Launching Executing verify in C__Users_mdurgaprasa3_OneDrive - DXC Production_Desktop_Full-Project-master_Backend Main_JobPost-Service] INFO  o.eclipse.m2e.core.internal.Bundles - 	Entry: C:\sts-4.18.1.RELEASE\plugins\org.eclipse.m2e.maven.runtime_3.8.701.20230209-1606\jars\maven-artifact-3.8.7.jar
2023-08-11 14:50:02,672 [Worker-20: Launching Executing verify in C__Users_mdurgaprasa3_OneDrive - DXC Production_Desktop_Full-Project-master_Backend Main_JobPost-Service] INFO  o.eclipse.m2e.core.internal.Bundles - 	Entry: C:\sts-4.18.1.RELEASE\plugins\org.eclipse.m2e.maven.runtime_3.8.701.20230209-1606\jars\maven-builder-support-3.8.7.jar
2023-08-11 14:50:02,672 [Worker-20: Launching Executing verify in C__Users_mdurgaprasa3_OneDrive - DXC Production_Desktop_Full-Project-master_Backend Main_JobPost-Service] INFO  o.eclipse.m2e.core.internal.Bundles - 	Entry: C:\sts-4.18.1.RELEASE\plugins\org.eclipse.m2e.maven.runtime_3.8.701.20230209-1606\jars\maven-compat-3.8.7.jar
2023-08-11 14:50:02,673 [Worker-20: Launching Executing verify in C__Users_mdurgaprasa3_OneDrive - DXC Production_Desktop_Full-Project-master_Backend Main_JobPost-Service] INFO  o.eclipse.m2e.core.internal.Bundles - 	Entry: C:\sts-4.18.1.RELEASE\plugins\org.eclipse.m2e.maven.runtime_3.8.701.20230209-1606\jars\maven-core-3.8.7.jar
2023-08-11 14:50:02,673 [Worker-20: Launching Executing verify in C__Users_mdurgaprasa3_OneDrive - DXC Production_Desktop_Full-Project-master_Backend Main_JobPost-Service] INFO  o.eclipse.m2e.core.internal.Bundles - 	Entry: C:\sts-4.18.1.RELEASE\plugins\org.eclipse.m2e.maven.runtime_3.8.701.20230209-1606\jars\maven-embedder-3.8.7.jar
2023-08-11 14:50:02,674 [Worker-20: Launching Executing verify in C__Users_mdurgaprasa3_OneDrive - DXC Production_Desktop_Full-Project-master_Backend Main_JobPost-Service] INFO  o.eclipse.m2e.core.internal.Bundles - 	Entry: C:\sts-4.18.1.RELEASE\plugins\org.eclipse.m2e.maven.runtime_3.8.701.20230209-1606\jars\maven-model-3.8.7.jar
2023-08-11 14:50:02,674 [Worker-20: Launching Executing verify in C__Users_mdurgaprasa3_OneDrive - DXC Production_Desktop_Full-Project-master_Backend Main_JobPost-Service] INFO  o.eclipse.m2e.core.internal.Bundles - 	Entry: C:\sts-4.18.1.RELEASE\plugins\org.eclipse.m2e.maven.runtime_3.8.701.20230209-1606\jars\maven-model-builder-3.8.7.jar
2023-08-11 14:50:02,675 [Worker-20: Launching Executing verify in C__Users_mdurgaprasa3_OneDrive - DXC Production_Desktop_Full-Project-master_Backend Main_JobPost-Service] INFO  o.eclipse.m2e.core.internal.Bundles - 	Entry: C:\sts-4.18.1.RELEASE\plugins\org.eclipse.m2e.maven.runtime_3.8.701.20230209-1606\jars\maven-plugin-api-3.8.7.jar
2023-08-11 14:50:02,675 [Worker-20: Launching Executing verify in C__Users_mdurgaprasa3_OneDrive - DXC Production_Desktop_Full-Project-master_Backend Main_JobPost-Service] INFO  o.eclipse.m2e.core.internal.Bundles - 	Entry: C:\sts-4.18.1.RELEASE\plugins\org.eclipse.m2e.maven.runtime_3.8.701.20230209-1606\jars\maven-repository-metadata-3.8.7.jar
2023-08-11 14:50:02,676 [Worker-20: Launching Executing verify in C__Users_mdurgaprasa3_OneDrive - DXC Production_Desktop_Full-Project-master_Backend Main_JobPost-Service] INFO  o.eclipse.m2e.core.internal.Bundles - 	Entry: C:\sts-4.18.1.RELEASE\plugins\org.eclipse.m2e.maven.runtime_3.8.701.20230209-1606\jars\maven-resolver-api-1.6.3.jar
2023-08-11 14:50:02,676 [Worker-20: Launching Executing verify in C__Users_mdurgaprasa3_OneDrive - DXC Production_Desktop_Full-Project-master_Backend Main_JobPost-Service] INFO  o.eclipse.m2e.core.internal.Bundles - 	Entry: C:\sts-4.18.1.RELEASE\plugins\org.eclipse.m2e.maven.runtime_3.8.701.20230209-1606\jars\maven-resolver-connector-basic-1.6.3.jar
2023-08-11 14:50:02,676 [Worker-20: Launching Executing verify in C__Users_mdurgaprasa3_OneDrive - DXC Production_Desktop_Full-Project-master_Backend Main_JobPost-Service] INFO  o.eclipse.m2e.core.internal.Bundles - 	Entry: C:\sts-4.18.1.RELEASE\plugins\org.eclipse.m2e.maven.runtime_3.8.701.20230209-1606\jars\maven-resolver-impl-1.6.3.jar
2023-08-11 14:50:02,677 [Worker-20: Launching Executing verify in C__Users_mdurgaprasa3_OneDrive - DXC Production_Desktop_Full-Project-master_Backend Main_JobPost-Service] INFO  o.eclipse.m2e.core.internal.Bundles - 	Entry: C:\sts-4.18.1.RELEASE\plugins\org.eclipse.m2e.maven.runtime_3.8.701.20230209-1606\jars\maven-resolver-provider-3.8.7.jar
2023-08-11 14:50:02,678 [Worker-20: Launching Executing verify in C__Users_mdurgaprasa3_OneDrive - DXC Production_Desktop_Full-Project-master_Backend Main_JobPost-Service] INFO  o.eclipse.m2e.core.internal.Bundles - 	Entry: C:\sts-4.18.1.RELEASE\plugins\org.eclipse.m2e.maven.runtime_3.8.701.20230209-1606\jars\maven-resolver-spi-1.6.3.jar
2023-08-11 14:50:02,679 [Worker-20: Launching Executing verify in C__Users_mdurgaprasa3_OneDrive - DXC Production_Desktop_Full-Project-master_Backend Main_JobPost-Service] INFO  o.eclipse.m2e.core.internal.Bundles - 	Entry: C:\sts-4.18.1.RELEASE\plugins\org.eclipse.m2e.maven.runtime_3.8.701.20230209-1606\jars\maven-resolver-transport-wagon-1.6.3.jar
2023-08-11 14:50:02,679 [Worker-20: Launching Executing verify in C__Users_mdurgaprasa3_OneDrive - DXC Production_Desktop_Full-Project-master_Backend Main_JobPost-Service] INFO  o.eclipse.m2e.core.internal.Bundles - 	Entry: C:\sts-4.18.1.RELEASE\plugins\org.eclipse.m2e.maven.runtime_3.8.701.20230209-1606\jars\maven-resolver-util-1.6.3.jar
2023-08-11 14:50:02,680 [Worker-20: Launching Executing verify in C__Users_mdurgaprasa3_OneDrive - DXC Production_Desktop_Full-Project-master_Backend Main_JobPost-Service] INFO  o.eclipse.m2e.core.internal.Bundles - 	Entry: C:\sts-4.18.1.RELEASE\plugins\org.eclipse.m2e.maven.runtime_3.8.701.20230209-1606\jars\maven-settings-3.8.7.jar
2023-08-11 14:50:02,680 [Worker-20: Launching Executing verify in C__Users_mdurgaprasa3_OneDrive - DXC Production_Desktop_Full-Project-master_Backend Main_JobPost-Service] INFO  o.eclipse.m2e.core.internal.Bundles - 	Entry: C:\sts-4.18.1.RELEASE\plugins\org.eclipse.m2e.maven.runtime_3.8.701.20230209-1606\jars\maven-settings-builder-3.8.7.jar
2023-08-11 14:50:02,681 [Worker-20: Launching Executing verify in C__Users_mdurgaprasa3_OneDrive - DXC Production_Desktop_Full-Project-master_Backend Main_JobPost-Service] INFO  o.eclipse.m2e.core.internal.Bundles - 	Entry: C:\sts-4.18.1.RELEASE\plugins\org.eclipse.m2e.maven.runtime_3.8.701.20230209-1606\jars\maven-shared-utils-3.3.4.jar
2023-08-11 14:50:02,682 [Worker-20: Launching Executing verify in C__Users_mdurgaprasa3_OneDrive - DXC Production_Desktop_Full-Project-master_Backend Main_JobPost-Service] INFO  o.eclipse.m2e.core.internal.Bundles - 	Entry: C:\sts-4.18.1.RELEASE\plugins\org.eclipse.m2e.maven.runtime_3.8.701.20230209-1606\jars\okhttp-3.14.1.jar
2023-08-11 14:50:02,682 [Worker-20: Launching Executing verify in C__Users_mdurgaprasa3_OneDrive - DXC Production_Desktop_Full-Project-master_Backend Main_JobPost-Service] INFO  o.eclipse.m2e.core.internal.Bundles - 	Entry: C:\sts-4.18.1.RELEASE\plugins\org.eclipse.m2e.maven.runtime_3.8.701.20230209-1606\jars\okio-1.17.3.jar
2023-08-11 14:50:02,682 [Worker-20: Launching Executing verify in C__Users_mdurgaprasa3_OneDrive - DXC Production_Desktop_Full-Project-master_Backend Main_JobPost-Service] INFO  o.eclipse.m2e.core.internal.Bundles - 	Entry: C:\sts-4.18.1.RELEASE\plugins\org.eclipse.m2e.maven.runtime_3.8.701.20230209-1606\jars\org.eclipse.sisu.inject-0.3.5.jar
2023-08-11 14:50:02,683 [Worker-20: Launching Executing verify in C__Users_mdurgaprasa3_OneDrive - DXC Production_Desktop_Full-Project-master_Backend Main_JobPost-Service] INFO  o.eclipse.m2e.core.internal.Bundles - 	Entry: C:\sts-4.18.1.RELEASE\plugins\org.eclipse.m2e.maven.runtime_3.8.701.20230209-1606\jars\org.eclipse.sisu.plexus-0.3.5.jar
2023-08-11 14:50:02,684 [Worker-20: Launching Executing verify in C__Users_mdurgaprasa3_OneDrive - DXC Production_Desktop_Full-Project-master_Backend Main_JobPost-Service] INFO  o.eclipse.m2e.core.internal.Bundles - 	Entry: C:\sts-4.18.1.RELEASE\plugins\org.eclipse.m2e.maven.runtime_3.8.701.20230209-1606\jars\plexus-build-api-0.0.7.jar
2023-08-11 14:50:02,684 [Worker-20: Launching Executing verify in C__Users_mdurgaprasa3_OneDrive - DXC Production_Desktop_Full-Project-master_Backend Main_JobPost-Service] INFO  o.eclipse.m2e.core.internal.Bundles - 	Entry: C:\sts-4.18.1.RELEASE\plugins\org.eclipse.m2e.maven.runtime_3.8.701.20230209-1606\jars\plexus-cipher-2.0.jar
2023-08-11 14:50:02,685 [Worker-20: Launching Executing verify in C__Users_mdurgaprasa3_OneDrive - DXC Production_Desktop_Full-Project-master_Backend Main_JobPost-Service] INFO  o.eclipse.m2e.core.internal.Bundles - 	Entry: C:\sts-4.18.1.RELEASE\plugins\org.eclipse.m2e.maven.runtime_3.8.701.20230209-1606\jars\plexus-classworlds-2.6.0.jar
2023-08-11 14:50:02,686 [Worker-20: Launching Executing verify in C__Users_mdurgaprasa3_OneDrive - DXC Production_Desktop_Full-Project-master_Backend Main_JobPost-Service] INFO  o.eclipse.m2e.core.internal.Bundles - 	Entry: C:\sts-4.18.1.RELEASE\plugins\org.eclipse.m2e.maven.runtime_3.8.701.20230209-1606\jars\plexus-component-annotations-2.1.0.jar
2023-08-11 14:50:02,686 [Worker-20: Launching Executing verify in C__Users_mdurgaprasa3_OneDrive - DXC Production_Desktop_Full-Project-master_Backend Main_JobPost-Service] INFO  o.eclipse.m2e.core.internal.Bundles - 	Entry: C:\sts-4.18.1.RELEASE\plugins\org.eclipse.m2e.maven.runtime_3.8.701.20230209-1606\jars\plexus-interpolation-1.26.jar
2023-08-11 14:50:02,687 [Worker-20: Launching Executing verify in C__Users_mdurgaprasa3_OneDrive - DXC Production_Desktop_Full-Project-master_Backend Main_JobPost-Service] INFO  o.eclipse.m2e.core.internal.Bundles - 	Entry: C:\sts-4.18.1.RELEASE\plugins\org.eclipse.m2e.maven.runtime_3.8.701.20230209-1606\jars\plexus-sec-dispatcher-2.0.jar
2023-08-11 14:50:02,688 [Worker-20: Launching Executing verify in C__Users_mdurgaprasa3_OneDrive - DXC Production_Desktop_Full-Project-master_Backend Main_JobPost-Service] INFO  o.eclipse.m2e.core.internal.Bundles - 	Entry: C:\sts-4.18.1.RELEASE\plugins\org.eclipse.m2e.maven.runtime_3.8.701.20230209-1606\jars\plexus-utils-3.3.1.jar
2023-08-11 14:50:02,688 [Worker-20: Launching Executing verify in C__Users_mdurgaprasa3_OneDrive - DXC Production_Desktop_Full-Project-master_Backend Main_JobPost-Service] INFO  o.eclipse.m2e.core.internal.Bundles - 	Entry: C:\sts-4.18.1.RELEASE\plugins\org.eclipse.m2e.maven.runtime_3.8.701.20230209-1606\jars\wagon-file-3.5.3.jar
2023-08-11 14:50:02,689 [Worker-20: Launching Executing verify in C__Users_mdurgaprasa3_OneDrive - DXC Production_Desktop_Full-Project-master_Backend Main_JobPost-Service] INFO  o.eclipse.m2e.core.internal.Bundles - 	Entry: C:\sts-4.18.1.RELEASE\plugins\org.eclipse.m2e.maven.runtime_3.8.701.20230209-1606\jars\wagon-provider-api-3.5.3.jar
2023-08-11 14:50:02,693 [Worker-20: Launching Executing verify in C__Users_mdurgaprasa3_OneDrive - DXC Production_Desktop_Full-Project-master_Backend Main_JobPost-Service] INFO  o.eclipse.m2e.core.internal.Bundles - getClasspathEntries(Bundle=com.google.guava_31.1.0.jre [23])
2023-08-11 14:50:02,694 [Worker-20: Launching Executing verify in C__Users_mdurgaprasa3_OneDrive - DXC Production_Desktop_Full-Project-master_Backend Main_JobPost-Service] INFO  o.eclipse.m2e.core.internal.Bundles - 	Entry: C:\sts-4.18.1.RELEASE\plugins\com.google.guava_31.1.0.jre.jar
2023-08-11 14:50:02,695 [Worker-20: Launching Executing verify in C__Users_mdurgaprasa3_OneDrive - DXC Production_Desktop_Full-Project-master_Backend Main_JobPost-Service] INFO  o.eclipse.m2e.core.internal.Bundles - getClasspathEntries(Bundle=slf4j.api_1.7.36 [580])
2023-08-11 14:50:02,696 [Worker-20: Launching Executing verify in C__Users_mdurgaprasa3_OneDrive - DXC Production_Desktop_Full-Project-master_Backend Main_JobPost-Service] INFO  o.eclipse.m2e.core.internal.Bundles - 	Entry: C:\sts-4.18.1.RELEASE\plugins\slf4j.api_1.7.36.jar
2023-08-11 14:50:02,696 [Worker-20: Launching Executing verify in C__Users_mdurgaprasa3_OneDrive - DXC Production_Desktop_Full-Project-master_Backend Main_JobPost-Service] INFO  o.eclipse.m2e.core.internal.Bundles - getClasspathEntries(Bundle=javax.inject_1.0.0.v20220405-0441 [50])
2023-08-11 14:50:02,699 [Worker-20: Launching Executing verify in C__Users_mdurgaprasa3_OneDrive - DXC Production_Desktop_Full-Project-master_Backend Main_JobPost-Service] INFO  o.eclipse.m2e.core.internal.Bundles - 	Entry: C:\sts-4.18.1.RELEASE\plugins\javax.inject_1.0.0.v20220405-0441.jar
2023-08-11 14:50:02,699 [Worker-20: Launching Executing verify in C__Users_mdurgaprasa3_OneDrive - DXC Production_Desktop_Full-Project-master_Backend Main_JobPost-Service] INFO  o.eclipse.m2e.core.internal.Bundles - getClasspathEntries(Bundle=javax.annotation_1.3.5.v20221203-1659 [48])
2023-08-11 14:50:02,702 [Worker-20: Launching Executing verify in C__Users_mdurgaprasa3_OneDrive - DXC Production_Desktop_Full-Project-master_Backend Main_JobPost-Service] INFO  o.eclipse.m2e.core.internal.Bundles - 	Entry: C:\sts-4.18.1.RELEASE\plugins\javax.annotation_1.3.5.v20221203-1659.jar
2023-08-11 14:50:02,702 [Worker-20: Launching Executing verify in C__Users_mdurgaprasa3_OneDrive - DXC Production_Desktop_Full-Project-master_Backend Main_JobPost-Service] INFO  o.eclipse.m2e.core.internal.Bundles - getClasspathEntries(Bundle=org.apache.commons.cli_1.4.0.v20221112-0806 [73])
2023-08-11 14:50:02,705 [Worker-20: Launching Executing verify in C__Users_mdurgaprasa3_OneDrive - DXC Production_Desktop_Full-Project-master_Backend Main_JobPost-Service] INFO  o.eclipse.m2e.core.internal.Bundles - 	Entry: C:\sts-4.18.1.RELEASE\plugins\org.apache.commons.cli_1.4.0.v20221112-0806.jar
2023-08-11 14:50:02,705 [Worker-20: Launching Executing verify in C__Users_mdurgaprasa3_OneDrive - DXC Production_Desktop_Full-Project-master_Backend Main_JobPost-Service] INFO  o.eclipse.m2e.core.internal.Bundles - getClasspathEntries(Bundle=com.google.guava.failureaccess_1.0.1 [25])
2023-08-11 14:50:02,707 [Worker-20: Launching Executing verify in C__Users_mdurgaprasa3_OneDrive - DXC Production_Desktop_Full-Project-master_Backend Main_JobPost-Service] INFO  o.eclipse.m2e.core.internal.Bundles - 	Entry: C:\sts-4.18.1.RELEASE\plugins\com.google.guava.failureaccess_1.0.1.jar
2023-08-11 14:50:02,718 [Worker-20: Launching Executing verify in C__Users_mdurgaprasa3_OneDrive - DXC Production_Desktop_Full-Project-master_Backend Main_JobPost-Service] INFO  o.e.m.i.launch.MavenLaunchDelegate - Run build in "C:\Users\mdurgaprasa3\OneDrive - DXC Production\Desktop\Full-Project-master\Backend Main\JobPost-Service":
2023-08-11 14:50:02,719 [Worker-20: Launching Executing verify in C__Users_mdurgaprasa3_OneDrive - DXC Production_Desktop_Full-Project-master_Backend Main_JobPost-Service] INFO  o.e.m.i.launch.MavenLaunchDelegate -  mvn  -B -Dstyle.color=always verify
2023-08-29 10:54:03,864 [Worker-4: Loading available Gradle versions] INFO  o.e.b.c.i.u.g.PublishedGradleVersions - Gradle version information cache is out-of-date. Trying to update.
